2026-02-05T16:56:01.691114+0800 INFO Initializing batch run...
2026-02-05T16:57:21.266274+0800 INFO Initializing batch run...
2026-02-05T17:00:10.406941+0800 INFO SUCCESS processing file: /home/wangyh/DATAFOLDER/3DSeismic/AYLModel/ALLvelocity/tests-choas/splayed/AYL-00004.bin
2026-02-05T17:02:58.640100+0800 INFO SUCCESS processing file: /home/wangyh/DATAFOLDER/3DSeismic/AYLModel/ALLvelocity/tests-choas/splayed/AYL-00002.bin
2026-02-05T17:05:46.898903+0800 INFO SUCCESS processing file: /home/wangyh/DATAFOLDER/3DSeismic/AYLModel/ALLvelocity/tests-choas/splayed/AYL-00008.bin
2026-02-05T17:08:58.878433+0800 INFO SUCCESS processing file: /home/wangyh/DATAFOLDER/3DSeismic/AYLModel/ALLvelocity/tests-choas/splayed/AYL-00009.bin
2026-02-05T17:11:47.128177+0800 INFO SUCCESS processing file: /home/wangyh/DATAFOLDER/3DSeismic/AYLModel/ALLvelocity/tests-choas/splayed/AYL-00003.bin
2026-02-05T17:14:58.973526+0800 INFO SUCCESS processing file: /home/wangyh/DATAFOLDER/3DSeismic/AYLModel/ALLvelocity/tests-choas/splayed/AYL-00000.bin
2026-02-05T17:18:10.763767+0800 INFO SUCCESS processing file: /home/wangyh/DATAFOLDER/3DSeismic/AYLModel/ALLvelocity/tests-choas/splayed/AYL-00006.bin
2026-02-05T17:20:59.079931+0800 INFO SUCCESS processing file: /home/wangyh/DATAFOLDER/3DSeismic/AYLModel/ALLvelocity/tests-choas/splayed/AYL-00005.bin
2026-02-05T17:24:10.888847+0800 INFO SUCCESS processing file: /home/wangyh/DATAFOLDER/3DSeismic/AYLModel/ALLvelocity/tests-choas/splayed/AYL-00007.bin
2026-02-05T17:26:59.144471+0800 INFO SUCCESS processing file: /home/wangyh/DATAFOLDER/3DSeismic/AYLModel/ALLvelocity/tests-choas/splayed/AYL-00001.bin
2026-02-05T17:29:47.369886+0800 INFO SUCCESS processing file: /home/wangyh/DATAFOLDER/3DSeismic/AYLModel/ALLvelocity/tests-choas/parallel/AYL-00004.bin
2026-02-05T17:32:35.668062+0800 INFO SUCCESS processing file: /home/wangyh/DATAFOLDER/3DSeismic/AYLModel/ALLvelocity/tests-choas/parallel/AYL-00002.bin
2026-02-05T17:35:23.912725+0800 INFO SUCCESS processing file: /home/wangyh/DATAFOLDER/3DSeismic/AYLModel/ALLvelocity/tests-choas/parallel/AYL-00008.bin
2026-02-05T17:38:12.202518+0800 INFO SUCCESS processing file: /home/wangyh/DATAFOLDER/3DSeismic/AYLModel/ALLvelocity/tests-choas/parallel/AYL-00009.bin
2026-02-05T17:39:40.386238+0800 INFO SUCCESS processing file: /home/wangyh/DATAFOLDER/3DSeismic/AYLModel/ALLvelocity/tests-choas/parallel/AYL-00003.bin
2026-02-05T17:40:56.515826+0800 INFO SUCCESS processing file: /home/wangyh/DATAFOLDER/3DSeismic/AYLModel/ALLvelocity/tests-choas/parallel/AYL-00000.bin
2026-02-05T17:42:24.638834+0800 INFO SUCCESS processing file: /home/wangyh/DATAFOLDER/3DSeismic/AYLModel/ALLvelocity/tests-choas/parallel/AYL-00006.bin
2026-02-05T17:45:12.893872+0800 INFO SUCCESS processing file: /home/wangyh/DATAFOLDER/3DSeismic/AYLModel/ALLvelocity/tests-choas/parallel/AYL-00005.bin
2026-02-05T17:46:41.053663+0800 INFO SUCCESS processing file: /home/wangyh/DATAFOLDER/3DSeismic/AYLModel/ALLvelocity/tests-choas/parallel/AYL-00007.bin
2026-02-05T17:52:28.091526+0800 INFO SUCCESS processing file: /home/wangyh/DATAFOLDER/3DSeismic/AYLModel/ALLvelocity/tests-choas/parallel/AYL-00001.bin
2026-02-05T17:55:40.024850+0800 INFO SUCCESS processing file: /home/wangyh/DATAFOLDER/3DSeismic/AYLModel/ALLvelocity/tests-choas/braided/AYL-00004.bin
2026-02-05T17:58:28.298648+0800 INFO SUCCESS processing file: /home/wangyh/DATAFOLDER/3DSeismic/AYLModel/ALLvelocity/tests-choas/braided/AYL-00002.bin
2026-02-05T18:01:16.549951+0800 INFO SUCCESS processing file: /home/wangyh/DATAFOLDER/3DSeismic/AYLModel/ALLvelocity/tests-choas/braided/AYL-00008.bin
2026-02-05T18:02:44.736777+0800 INFO SUCCESS processing file: /home/wangyh/DATAFOLDER/3DSeismic/AYLModel/ALLvelocity/tests-choas/braided/AYL-00009.bin
2026-02-05T18:05:56.626596+0800 INFO SUCCESS processing file: /home/wangyh/DATAFOLDER/3DSeismic/AYLModel/ALLvelocity/tests-choas/braided/AYL-00003.bin
2026-02-05T18:08:44.931560+0800 INFO SUCCESS processing file: /home/wangyh/DATAFOLDER/3DSeismic/AYLModel/ALLvelocity/tests-choas/braided/AYL-00000.bin
2026-02-05T18:10:13.093871+0800 INFO SUCCESS processing file: /home/wangyh/DATAFOLDER/3DSeismic/AYLModel/ALLvelocity/tests-choas/braided/AYL-00006.bin
2026-02-05T18:13:01.358369+0800 INFO SUCCESS processing file: /home/wangyh/DATAFOLDER/3DSeismic/AYLModel/ALLvelocity/tests-choas/braided/AYL-00005.bin
2026-02-05T18:15:49.615554+0800 INFO SUCCESS processing file: /home/wangyh/DATAFOLDER/3DSeismic/AYLModel/ALLvelocity/tests-choas/braided/AYL-00007.bin
2026-02-05T18:17:17.707759+0800 INFO SUCCESS processing file: /home/wangyh/DATAFOLDER/3DSeismic/AYLModel/ALLvelocity/tests-choas/braided/AYL-00001.bin
2026-02-05T18:23:04.699244+0800 INFO SUCCESS processing file: /home/wangyh/DATAFOLDER/3DSeismic/AYLModel/ALLvelocity/tests-choas/crossed/AYL-00004.bin
2026-02-05T18:25:52.972038+0800 INFO SUCCESS processing file: /home/wangyh/DATAFOLDER/3DSeismic/AYLModel/ALLvelocity/tests-choas/crossed/AYL-00002.bin
2026-02-05T18:28:41.337422+0800 INFO SUCCESS processing file: /home/wangyh/DATAFOLDER/3DSeismic/AYLModel/ALLvelocity/tests-choas/crossed/AYL-00008.bin
2026-02-05T18:31:53.216833+0800 INFO SUCCESS processing file: /home/wangyh/DATAFOLDER/3DSeismic/AYLModel/ALLvelocity/tests-choas/crossed/AYL-00009.bin
2026-02-05T18:35:05.021754+0800 INFO SUCCESS processing file: /home/wangyh/DATAFOLDER/3DSeismic/AYLModel/ALLvelocity/tests-choas/crossed/AYL-00003.bin
2026-02-05T18:37:53.283471+0800 INFO SUCCESS processing file: /home/wangyh/DATAFOLDER/3DSeismic/AYLModel/ALLvelocity/tests-choas/crossed/AYL-00000.bin
2026-02-05T18:40:41.551951+0800 INFO SUCCESS processing file: /home/wangyh/DATAFOLDER/3DSeismic/AYLModel/ALLvelocity/tests-choas/crossed/AYL-00006.bin
2026-02-05T18:43:29.769366+0800 INFO SUCCESS processing file: /home/wangyh/DATAFOLDER/3DSeismic/AYLModel/ALLvelocity/tests-choas/crossed/AYL-00005.bin
2026-02-05T18:46:18.024531+0800 INFO SUCCESS processing file: /home/wangyh/DATAFOLDER/3DSeismic/AYLModel/ALLvelocity/tests-choas/crossed/AYL-00007.bin
2026-02-05T18:49:06.323871+0800 INFO SUCCESS processing file: /home/wangyh/DATAFOLDER/3DSeismic/AYLModel/ALLvelocity/tests-choas/crossed/AYL-00001.bin
2026-02-05T18:51:54.653063+0800 INFO SUCCESS processing file: /home/wangyh/DATAFOLDER/3DSeismic/AYLModel/ALLvelocity/tests-choas/echelon/AYL-00004.bin
2026-02-05T18:54:43.031398+0800 INFO SUCCESS processing file: /home/wangyh/DATAFOLDER/3DSeismic/AYLModel/ALLvelocity/tests-choas/echelon/AYL-00002.bin
2026-02-05T18:59:52.106990+0800 INFO SUCCESS processing file: /home/wangyh/DATAFOLDER/3DSeismic/AYLModel/ALLvelocity/tests-choas/echelon/AYL-00008.bin
2026-02-05T19:02:40.506799+0800 INFO SUCCESS processing file: /home/wangyh/DATAFOLDER/3DSeismic/AYLModel/ALLvelocity/tests-choas/echelon/AYL-00009.bin
2026-02-05T19:05:28.866614+0800 INFO SUCCESS processing file: /home/wangyh/DATAFOLDER/3DSeismic/AYLModel/ALLvelocity/tests-choas/echelon/AYL-00003.bin
2026-02-05T19:08:17.258524+0800 INFO SUCCESS processing file: /home/wangyh/DATAFOLDER/3DSeismic/AYLModel/ALLvelocity/tests-choas/echelon/AYL-00000.bin
2026-02-05T19:11:05.643520+0800 INFO SUCCESS processing file: /home/wangyh/DATAFOLDER/3DSeismic/AYLModel/ALLvelocity/tests-choas/echelon/AYL-00006.bin
2026-02-05T19:13:53.994755+0800 INFO SUCCESS processing file: /home/wangyh/DATAFOLDER/3DSeismic/AYLModel/ALLvelocity/tests-choas/echelon/AYL-00005.bin
2026-02-05T19:16:42.366438+0800 INFO SUCCESS processing file: /home/wangyh/DATAFOLDER/3DSeismic/AYLModel/ALLvelocity/tests-choas/echelon/AYL-00007.bin
2026-02-05T19:19:54.338290+0800 INFO SUCCESS processing file: /home/wangyh/DATAFOLDER/3DSeismic/AYLModel/ALLvelocity/tests-choas/echelon/AYL-00001.bin
2026-02-05T19:25:03.382279+0800 INFO SUCCESS processing file: /home/wangyh/DATAFOLDER/3DSeismic/AYLModel/ALLvelocity/tests-choas/pullapart/AYL-00004.bin
2026-02-05T19:27:51.751701+0800 INFO SUCCESS processing file: /home/wangyh/DATAFOLDER/3DSeismic/AYLModel/ALLvelocity/tests-choas/pullapart/AYL-00002.bin
2026-02-05T19:31:03.675969+0800 INFO SUCCESS processing file: /home/wangyh/DATAFOLDER/3DSeismic/AYLModel/ALLvelocity/tests-choas/pullapart/AYL-00008.bin
2026-02-05T19:34:15.657129+0800 INFO SUCCESS processing file: /home/wangyh/DATAFOLDER/3DSeismic/AYLModel/ALLvelocity/tests-choas/pullapart/AYL-00009.bin
2026-02-05T19:35:43.791965+0800 INFO SUCCESS processing file: /home/wangyh/DATAFOLDER/3DSeismic/AYLModel/ALLvelocity/tests-choas/pullapart/AYL-00003.bin
2026-02-05T19:38:55.732999+0800 INFO SUCCESS processing file: /home/wangyh/DATAFOLDER/3DSeismic/AYLModel/ALLvelocity/tests-choas/pullapart/AYL-00000.bin
2026-02-05T19:41:44.054575+0800 INFO SUCCESS processing file: /home/wangyh/DATAFOLDER/3DSeismic/AYLModel/ALLvelocity/tests-choas/pullapart/AYL-00006.bin
2026-02-05T19:44:32.420821+0800 INFO SUCCESS processing file: /home/wangyh/DATAFOLDER/3DSeismic/AYLModel/ALLvelocity/tests-choas/pullapart/AYL-00005.bin
2026-02-05T19:47:20.794412+0800 INFO SUCCESS processing file: /home/wangyh/DATAFOLDER/3DSeismic/AYLModel/ALLvelocity/tests-choas/pullapart/AYL-00007.bin
2026-02-05T19:48:48.939170+0800 INFO SUCCESS processing file: /home/wangyh/DATAFOLDER/3DSeismic/AYLModel/ALLvelocity/tests-choas/pullapart/AYL-00001.bin
2026-02-05T19:50:04.899942+0800 INFO SUCCESS processing file: /home/wangyh/DATAFOLDER/3DSeismic/AYLModel/ALLvelocity/tests-choas/yshapes/AYL-00004.bin
2026-02-05T19:51:32.956687+0800 INFO SUCCESS processing file: /home/wangyh/DATAFOLDER/3DSeismic/AYLModel/ALLvelocity/tests-choas/yshapes/AYL-00002.bin
2026-02-05T19:54:44.945132+0800 INFO SUCCESS processing file: /home/wangyh/DATAFOLDER/3DSeismic/AYLModel/ALLvelocity/tests-choas/yshapes/AYL-00008.bin
2026-02-05T19:57:56.851021+0800 INFO SUCCESS processing file: /home/wangyh/DATAFOLDER/3DSeismic/AYLModel/ALLvelocity/tests-choas/yshapes/AYL-00009.bin
2026-02-05T20:03:05.832741+0800 INFO SUCCESS processing file: /home/wangyh/DATAFOLDER/3DSeismic/AYLModel/ALLvelocity/tests-choas/yshapes/AYL-00003.bin
2026-02-05T20:05:54.163291+0800 INFO SUCCESS processing file: /home/wangyh/DATAFOLDER/3DSeismic/AYLModel/ALLvelocity/tests-choas/yshapes/AYL-00000.bin
2026-02-05T20:08:42.482277+0800 INFO SUCCESS processing file: /home/wangyh/DATAFOLDER/3DSeismic/AYLModel/ALLvelocity/tests-choas/yshapes/AYL-00006.bin
2026-02-05T20:11:30.844000+0800 INFO SUCCESS processing file: /home/wangyh/DATAFOLDER/3DSeismic/AYLModel/ALLvelocity/tests-choas/yshapes/AYL-00005.bin
2026-02-05T20:16:39.895312+0800 INFO SUCCESS processing file: /home/wangyh/DATAFOLDER/3DSeismic/AYLModel/ALLvelocity/tests-choas/yshapes/AYL-00007.bin
2026-02-05T20:19:51.839220+0800 INFO SUCCESS processing file: /home/wangyh/DATAFOLDER/3DSeismic/AYLModel/ALLvelocity/tests-choas/yshapes/AYL-00001.bin
2026-02-05T20:22:40.164198+0800 INFO SUCCESS processing file: /home/wangyh/DATAFOLDER/3DSeismic/AYLModel/ALLvelocity/tests-choas/flowers/AYL-00004.bin
2026-02-05T20:25:52.106426+0800 INFO SUCCESS processing file: /home/wangyh/DATAFOLDER/3DSeismic/AYLModel/ALLvelocity/tests-choas/flowers/AYL-00002.bin
2026-02-05T20:28:40.462530+0800 INFO SUCCESS processing file: /home/wangyh/DATAFOLDER/3DSeismic/AYLModel/ALLvelocity/tests-choas/flowers/AYL-00008.bin
2026-02-05T20:34:27.655976+0800 INFO SUCCESS processing file: /home/wangyh/DATAFOLDER/3DSeismic/AYLModel/ALLvelocity/tests-choas/flowers/AYL-00009.bin
2026-02-05T20:35:55.773296+0800 INFO SUCCESS processing file: /home/wangyh/DATAFOLDER/3DSeismic/AYLModel/ALLvelocity/tests-choas/flowers/AYL-00003.bin
2026-02-05T20:38:44.120890+0800 INFO SUCCESS processing file: /home/wangyh/DATAFOLDER/3DSeismic/AYLModel/ALLvelocity/tests-choas/flowers/AYL-00000.bin
2026-02-05T20:41:32.465039+0800 INFO SUCCESS processing file: /home/wangyh/DATAFOLDER/3DSeismic/AYLModel/ALLvelocity/tests-choas/flowers/AYL-00006.bin
2026-02-05T20:46:41.458936+0800 INFO SUCCESS processing file: /home/wangyh/DATAFOLDER/3DSeismic/AYLModel/ALLvelocity/tests-choas/flowers/AYL-00005.bin
2026-02-05T20:49:29.821915+0800 INFO SUCCESS processing file: /home/wangyh/DATAFOLDER/3DSeismic/AYLModel/ALLvelocity/tests-choas/flowers/AYL-00007.bin
2026-02-05T20:52:18.183305+0800 INFO SUCCESS processing file: /home/wangyh/DATAFOLDER/3DSeismic/AYLModel/ALLvelocity/tests-choas/flowers/AYL-00001.bin
2026-02-05T20:55:30.156030+0800 INFO SUCCESS processing file: /home/wangyh/DATAFOLDER/3DSeismic/AYLModel/ALLvelocity/tests-choas/yshapec/AYL-00004.bin
2026-02-05T20:58:42.096137+0800 INFO SUCCESS processing file: /home/wangyh/DATAFOLDER/3DSeismic/AYLModel/ALLvelocity/tests-choas/yshapec/AYL-00002.bin
2026-02-05T21:00:10.192478+0800 INFO SUCCESS processing file: /home/wangyh/DATAFOLDER/3DSeismic/AYLModel/ALLvelocity/tests-choas/yshapec/AYL-00008.bin
2026-02-05T21:02:58.541819+0800 INFO SUCCESS processing file: /home/wangyh/DATAFOLDER/3DSeismic/AYLModel/ALLvelocity/tests-choas/yshapec/AYL-00009.bin
2026-02-05T21:06:10.483473+0800 INFO SUCCESS processing file: /home/wangyh/DATAFOLDER/3DSeismic/AYLModel/ALLvelocity/tests-choas/yshapec/AYL-00003.bin
2026-02-05T21:08:58.845061+0800 INFO SUCCESS processing file: /home/wangyh/DATAFOLDER/3DSeismic/AYLModel/ALLvelocity/tests-choas/yshapec/AYL-00000.bin
2026-02-05T21:12:10.756978+0800 INFO SUCCESS processing file: /home/wangyh/DATAFOLDER/3DSeismic/AYLModel/ALLvelocity/tests-choas/yshapec/AYL-00006.bin
2026-02-05T21:13:26.727473+0800 INFO SUCCESS processing file: /home/wangyh/DATAFOLDER/3DSeismic/AYLModel/ALLvelocity/tests-choas/yshapec/AYL-00005.bin
2026-02-05T21:16:38.683170+0800 INFO SUCCESS processing file: /home/wangyh/DATAFOLDER/3DSeismic/AYLModel/ALLvelocity/tests-choas/yshapec/AYL-00007.bin
2026-02-05T21:17:54.625002+0800 INFO SUCCESS processing file: /home/wangyh/DATAFOLDER/3DSeismic/AYLModel/ALLvelocity/tests-choas/yshapec/AYL-00001.bin
2026-02-05T21:19:10.576961+0800 INFO SUCCESS processing file: /home/wangyh/DATAFOLDER/3DSeismic/AYLModel/ALLvelocity/tests-choas/feather/AYL-00004.bin
2026-02-05T21:24:57.815979+0800 INFO SUCCESS processing file: /home/wangyh/DATAFOLDER/3DSeismic/AYLModel/ALLvelocity/tests-choas/feather/AYL-00002.bin
2026-02-05T21:27:46.205501+0800 INFO SUCCESS processing file: /home/wangyh/DATAFOLDER/3DSeismic/AYLModel/ALLvelocity/tests-choas/feather/AYL-00008.bin
2026-02-05T21:29:02.155553+0800 INFO SUCCESS processing file: /home/wangyh/DATAFOLDER/3DSeismic/AYLModel/ALLvelocity/tests-choas/feather/AYL-00009.bin
2026-02-05T21:31:50.495028+0800 INFO SUCCESS processing file: /home/wangyh/DATAFOLDER/3DSeismic/AYLModel/ALLvelocity/tests-choas/feather/AYL-00003.bin
2026-02-05T21:34:38.828535+0800 INFO SUCCESS processing file: /home/wangyh/DATAFOLDER/3DSeismic/AYLModel/ALLvelocity/tests-choas/feather/AYL-00000.bin
2026-02-05T21:37:50.788902+0800 INFO SUCCESS processing file: /home/wangyh/DATAFOLDER/3DSeismic/AYLModel/ALLvelocity/tests-choas/feather/AYL-00006.bin
2026-02-05T21:39:18.837078+0800 INFO SUCCESS processing file: /home/wangyh/DATAFOLDER/3DSeismic/AYLModel/ALLvelocity/tests-choas/feather/AYL-00005.bin
2026-02-05T21:40:34.818774+0800 INFO SUCCESS processing file: /home/wangyh/DATAFOLDER/3DSeismic/AYLModel/ALLvelocity/tests-choas/feather/AYL-00007.bin
2026-02-05T21:43:23.146772+0800 INFO SUCCESS processing file: /home/wangyh/DATAFOLDER/3DSeismic/AYLModel/ALLvelocity/tests-choas/feather/AYL-00001.bin
2026-02-05T21:46:35.134484+0800 INFO SUCCESS processing file: /home/wangyh/DATAFOLDER/3DSeismic/AYLModel/ALLvelocity/tests-choas/ponytail/AYL-00004.bin
2026-02-05T21:49:47.040950+0800 INFO SUCCESS processing file: /home/wangyh/DATAFOLDER/3DSeismic/AYLModel/ALLvelocity/tests-choas/ponytail/AYL-00002.bin
2026-02-05T21:52:35.369250+0800 INFO SUCCESS processing file: /home/wangyh/DATAFOLDER/3DSeismic/AYLModel/ALLvelocity/tests-choas/ponytail/AYL-00008.bin
2026-02-05T21:53:51.324567+0800 INFO SUCCESS processing file: /home/wangyh/DATAFOLDER/3DSeismic/AYLModel/ALLvelocity/tests-choas/ponytail/AYL-00009.bin
2026-02-05T21:59:38.514311+0800 INFO SUCCESS processing file: /home/wangyh/DATAFOLDER/3DSeismic/AYLModel/ALLvelocity/tests-choas/ponytail/AYL-00003.bin
2026-02-05T22:04:47.570201+0800 INFO SUCCESS processing file: /home/wangyh/DATAFOLDER/3DSeismic/AYLModel/ALLvelocity/tests-choas/ponytail/AYL-00000.bin
2026-02-05T22:06:15.654944+0800 INFO SUCCESS processing file: /home/wangyh/DATAFOLDER/3DSeismic/AYLModel/ALLvelocity/tests-choas/ponytail/AYL-00006.bin
2026-02-05T22:11:24.675600+0800 INFO SUCCESS processing file: /home/wangyh/DATAFOLDER/3DSeismic/AYLModel/ALLvelocity/tests-choas/ponytail/AYL-00005.bin
2026-02-05T22:14:13.028295+0800 INFO SUCCESS processing file: /home/wangyh/DATAFOLDER/3DSeismic/AYLModel/ALLvelocity/tests-choas/ponytail/AYL-00007.bin
2026-02-05T22:17:01.415668+0800 INFO SUCCESS processing file: /home/wangyh/DATAFOLDER/3DSeismic/AYLModel/ALLvelocity/tests-choas/ponytail/AYL-00001.bin
2026-02-05T22:20:13.392150+0800 INFO SUCCESS processing file: /home/wangyh/DATAFOLDER/3DSeismic/AYLModel/ALLvelocity/tests-choas/yshaped/AYL-00004.bin
2026-02-05T22:23:25.378105+0800 INFO SUCCESS processing file: /home/wangyh/DATAFOLDER/3DSeismic/AYLModel/ALLvelocity/tests-choas/yshaped/AYL-00002.bin
2026-02-05T22:29:12.619793+0800 INFO SUCCESS processing file: /home/wangyh/DATAFOLDER/3DSeismic/AYLModel/ALLvelocity/tests-choas/yshaped/AYL-00008.bin
2026-02-05T22:30:40.745559+0800 INFO SUCCESS processing file: /home/wangyh/DATAFOLDER/3DSeismic/AYLModel/ALLvelocity/tests-choas/yshaped/AYL-00009.bin
2026-02-05T22:36:28.018107+0800 INFO SUCCESS processing file: /home/wangyh/DATAFOLDER/3DSeismic/AYLModel/ALLvelocity/tests-choas/yshaped/AYL-00003.bin
2026-02-05T22:39:16.395854+0800 INFO SUCCESS processing file: /home/wangyh/DATAFOLDER/3DSeismic/AYLModel/ALLvelocity/tests-choas/yshaped/AYL-00000.bin
2026-02-05T22:42:04.828740+0800 INFO SUCCESS processing file: /home/wangyh/DATAFOLDER/3DSeismic/AYLModel/ALLvelocity/tests-choas/yshaped/AYL-00006.bin
2026-02-05T22:44:53.212442+0800 INFO SUCCESS processing file: /home/wangyh/DATAFOLDER/3DSeismic/AYLModel/ALLvelocity/tests-choas/yshaped/AYL-00005.bin
2026-02-05T22:46:09.215021+0800 INFO SUCCESS processing file: /home/wangyh/DATAFOLDER/3DSeismic/AYLModel/ALLvelocity/tests-choas/yshaped/AYL-00007.bin
2026-02-05T22:51:56.486821+0800 INFO SUCCESS processing file: /home/wangyh/DATAFOLDER/3DSeismic/AYLModel/ALLvelocity/tests-choas/yshaped/AYL-00001.bin
2026-02-05T22:53:24.645667+0800 INFO SUCCESS processing file: /home/wangyh/DATAFOLDER/3DSeismic/AYLModel/ALLvelocity/tests-river/splayed/AYL-00004.bin
2026-02-05T22:56:36.580873+0800 INFO SUCCESS processing file: /home/wangyh/DATAFOLDER/3DSeismic/AYLModel/ALLvelocity/tests-river/splayed/AYL-00002.bin
2026-02-05T22:58:04.699608+0800 INFO SUCCESS processing file: /home/wangyh/DATAFOLDER/3DSeismic/AYLModel/ALLvelocity/tests-river/splayed/AYL-00008.bin
2026-02-05T22:59:32.794557+0800 INFO SUCCESS processing file: /home/wangyh/DATAFOLDER/3DSeismic/AYLModel/ALLvelocity/tests-river/splayed/AYL-00009.bin
2026-02-05T23:02:21.150594+0800 INFO SUCCESS processing file: /home/wangyh/DATAFOLDER/3DSeismic/AYLModel/ALLvelocity/tests-river/splayed/AYL-00003.bin
2026-02-05T23:03:37.107973+0800 INFO SUCCESS processing file: /home/wangyh/DATAFOLDER/3DSeismic/AYLModel/ALLvelocity/tests-river/splayed/AYL-00000.bin
2026-02-05T23:06:25.438999+0800 INFO SUCCESS processing file: /home/wangyh/DATAFOLDER/3DSeismic/AYLModel/ALLvelocity/tests-river/splayed/AYL-00006.bin
2026-02-05T23:09:37.376679+0800 INFO SUCCESS processing file: /home/wangyh/DATAFOLDER/3DSeismic/AYLModel/ALLvelocity/tests-river/splayed/AYL-00005.bin
2026-02-05T23:12:49.307307+0800 INFO SUCCESS processing file: /home/wangyh/DATAFOLDER/3DSeismic/AYLModel/ALLvelocity/tests-river/splayed/AYL-00007.bin
2026-02-05T23:17:58.278762+0800 INFO SUCCESS processing file: /home/wangyh/DATAFOLDER/3DSeismic/AYLModel/ALLvelocity/tests-river/splayed/AYL-00001.bin
2026-02-05T23:21:10.260257+0800 INFO SUCCESS processing file: /home/wangyh/DATAFOLDER/3DSeismic/AYLModel/ALLvelocity/tests-river/parallel/AYL-00004.bin
2026-02-05T23:22:38.346073+0800 INFO SUCCESS processing file: /home/wangyh/DATAFOLDER/3DSeismic/AYLModel/ALLvelocity/tests-river/parallel/AYL-00002.bin
2026-02-05T23:25:50.270969+0800 INFO SUCCESS processing file: /home/wangyh/DATAFOLDER/3DSeismic/AYLModel/ALLvelocity/tests-river/parallel/AYL-00008.bin
2026-02-05T23:30:59.290484+0800 INFO SUCCESS processing file: /home/wangyh/DATAFOLDER/3DSeismic/AYLModel/ALLvelocity/tests-river/parallel/AYL-00009.bin
2026-02-05T23:34:11.186706+0800 INFO SUCCESS processing file: /home/wangyh/DATAFOLDER/3DSeismic/AYLModel/ALLvelocity/tests-river/parallel/AYL-00003.bin
2026-02-05T23:36:59.541164+0800 INFO SUCCESS processing file: /home/wangyh/DATAFOLDER/3DSeismic/AYLModel/ALLvelocity/tests-river/parallel/AYL-00000.bin
2026-02-05T23:40:11.469107+0800 INFO SUCCESS processing file: /home/wangyh/DATAFOLDER/3DSeismic/AYLModel/ALLvelocity/tests-river/parallel/AYL-00006.bin
2026-02-05T23:43:23.451104+0800 INFO SUCCESS processing file: /home/wangyh/DATAFOLDER/3DSeismic/AYLModel/ALLvelocity/tests-river/parallel/AYL-00005.bin
2026-02-05T23:46:11.826874+0800 INFO SUCCESS processing file: /home/wangyh/DATAFOLDER/3DSeismic/AYLModel/ALLvelocity/tests-river/parallel/AYL-00007.bin
2026-02-05T23:49:00.213201+0800 INFO SUCCESS processing file: /home/wangyh/DATAFOLDER/3DSeismic/AYLModel/ALLvelocity/tests-river/parallel/AYL-00001.bin
2026-02-05T23:52:12.166891+0800 INFO SUCCESS processing file: /home/wangyh/DATAFOLDER/3DSeismic/AYLModel/ALLvelocity/tests-river/braided/AYL-00004.bin
2026-02-05T23:55:24.167006+0800 INFO SUCCESS processing file: /home/wangyh/DATAFOLDER/3DSeismic/AYLModel/ALLvelocity/tests-river/braided/AYL-00002.bin
2026-02-05T23:58:12.514754+0800 INFO SUCCESS processing file: /home/wangyh/DATAFOLDER/3DSeismic/AYLModel/ALLvelocity/tests-river/braided/AYL-00008.bin
2026-02-06T00:01:24.487845+0800 INFO SUCCESS processing file: /home/wangyh/DATAFOLDER/3DSeismic/AYLModel/ALLvelocity/tests-river/braided/AYL-00009.bin
2026-02-06T00:04:36.449679+0800 INFO SUCCESS processing file: /home/wangyh/DATAFOLDER/3DSeismic/AYLModel/ALLvelocity/tests-river/braided/AYL-00003.bin
2026-02-06T00:07:24.829385+0800 INFO SUCCESS processing file: /home/wangyh/DATAFOLDER/3DSeismic/AYLModel/ALLvelocity/tests-river/braided/AYL-00000.bin
2026-02-06T00:10:13.161489+0800 INFO SUCCESS processing file: /home/wangyh/DATAFOLDER/3DSeismic/AYLModel/ALLvelocity/tests-river/braided/AYL-00006.bin
2026-02-06T00:13:25.150777+0800 INFO SUCCESS processing file: /home/wangyh/DATAFOLDER/3DSeismic/AYLModel/ALLvelocity/tests-river/braided/AYL-00005.bin
2026-02-06T00:16:37.107136+0800 INFO SUCCESS processing file: /home/wangyh/DATAFOLDER/3DSeismic/AYLModel/ALLvelocity/tests-river/braided/AYL-00007.bin
2026-02-06T00:19:25.481271+0800 INFO SUCCESS processing file: /home/wangyh/DATAFOLDER/3DSeismic/AYLModel/ALLvelocity/tests-river/braided/AYL-00001.bin
2026-02-06T00:22:37.461523+0800 INFO SUCCESS processing file: /home/wangyh/DATAFOLDER/3DSeismic/AYLModel/ALLvelocity/tests-river/crossed/AYL-00004.bin
2026-02-06T00:25:49.445186+0800 INFO SUCCESS processing file: /home/wangyh/DATAFOLDER/3DSeismic/AYLModel/ALLvelocity/tests-river/crossed/AYL-00002.bin
2026-02-06T00:28:37.838077+0800 INFO SUCCESS processing file: /home/wangyh/DATAFOLDER/3DSeismic/AYLModel/ALLvelocity/tests-river/crossed/AYL-00008.bin
2026-02-06T00:31:49.862394+0800 INFO SUCCESS processing file: /home/wangyh/DATAFOLDER/3DSeismic/AYLModel/ALLvelocity/tests-river/crossed/AYL-00009.bin
2026-02-06T00:34:38.339560+0800 INFO SUCCESS processing file: /home/wangyh/DATAFOLDER/3DSeismic/AYLModel/ALLvelocity/tests-river/crossed/AYL-00003.bin
2026-02-06T00:37:26.724619+0800 INFO SUCCESS processing file: /home/wangyh/DATAFOLDER/3DSeismic/AYLModel/ALLvelocity/tests-river/crossed/AYL-00000.bin
2026-02-06T00:42:35.793093+0800 INFO SUCCESS processing file: /home/wangyh/DATAFOLDER/3DSeismic/AYLModel/ALLvelocity/tests-river/crossed/AYL-00006.bin
2026-02-06T00:44:03.946003+0800 INFO SUCCESS processing file: /home/wangyh/DATAFOLDER/3DSeismic/AYLModel/ALLvelocity/tests-river/crossed/AYL-00005.bin
2026-02-06T00:46:52.337021+0800 INFO SUCCESS processing file: /home/wangyh/DATAFOLDER/3DSeismic/AYLModel/ALLvelocity/tests-river/crossed/AYL-00007.bin
2026-02-06T00:48:08.369820+0800 INFO SUCCESS processing file: /home/wangyh/DATAFOLDER/3DSeismic/AYLModel/ALLvelocity/tests-river/crossed/AYL-00001.bin
2026-02-06T00:49:36.508362+0800 INFO SUCCESS processing file: /home/wangyh/DATAFOLDER/3DSeismic/AYLModel/ALLvelocity/tests-river/echelon/AYL-00004.bin
2026-02-06T00:52:48.507981+0800 INFO SUCCESS processing file: /home/wangyh/DATAFOLDER/3DSeismic/AYLModel/ALLvelocity/tests-river/echelon/AYL-00002.bin
2026-02-06T00:54:16.617571+0800 INFO SUCCESS processing file: /home/wangyh/DATAFOLDER/3DSeismic/AYLModel/ALLvelocity/tests-river/echelon/AYL-00008.bin
2026-02-06T00:57:05.015946+0800 INFO SUCCESS processing file: /home/wangyh/DATAFOLDER/3DSeismic/AYLModel/ALLvelocity/tests-river/echelon/AYL-00009.bin
2026-02-06T01:00:16.986647+0800 INFO SUCCESS processing file: /home/wangyh/DATAFOLDER/3DSeismic/AYLModel/ALLvelocity/tests-river/echelon/AYL-00003.bin
2026-02-06T01:03:28.979070+0800 INFO SUCCESS processing file: /home/wangyh/DATAFOLDER/3DSeismic/AYLModel/ALLvelocity/tests-river/echelon/AYL-00000.bin
2026-02-06T01:06:17.317301+0800 INFO SUCCESS processing file: /home/wangyh/DATAFOLDER/3DSeismic/AYLModel/ALLvelocity/tests-river/echelon/AYL-00006.bin
2026-02-06T01:09:29.306307+0800 INFO SUCCESS processing file: /home/wangyh/DATAFOLDER/3DSeismic/AYLModel/ALLvelocity/tests-river/echelon/AYL-00005.bin
2026-02-06T01:12:41.278091+0800 INFO SUCCESS processing file: /home/wangyh/DATAFOLDER/3DSeismic/AYLModel/ALLvelocity/tests-river/echelon/AYL-00007.bin
2026-02-06T01:14:09.450747+0800 INFO SUCCESS processing file: /home/wangyh/DATAFOLDER/3DSeismic/AYLModel/ALLvelocity/tests-river/echelon/AYL-00001.bin
2026-02-06T01:17:21.446987+0800 INFO SUCCESS processing file: /home/wangyh/DATAFOLDER/3DSeismic/AYLModel/ALLvelocity/tests-river/pullapart/AYL-00004.bin
2026-02-06T01:18:49.557002+0800 INFO SUCCESS processing file: /home/wangyh/DATAFOLDER/3DSeismic/AYLModel/ALLvelocity/tests-river/pullapart/AYL-00002.bin
2026-02-06T01:20:17.645225+0800 INFO SUCCESS processing file: /home/wangyh/DATAFOLDER/3DSeismic/AYLModel/ALLvelocity/tests-river/pullapart/AYL-00008.bin
2026-02-06T01:21:45.759911+0800 INFO SUCCESS processing file: /home/wangyh/DATAFOLDER/3DSeismic/AYLModel/ALLvelocity/tests-river/pullapart/AYL-00009.bin
2026-02-06T01:23:13.992062+0800 INFO SUCCESS processing file: /home/wangyh/DATAFOLDER/3DSeismic/AYLModel/ALLvelocity/tests-river/pullapart/AYL-00003.bin
2026-02-06T01:29:01.292761+0800 INFO SUCCESS processing file: /home/wangyh/DATAFOLDER/3DSeismic/AYLModel/ALLvelocity/tests-river/pullapart/AYL-00000.bin
2026-02-06T01:31:49.683661+0800 INFO SUCCESS processing file: /home/wangyh/DATAFOLDER/3DSeismic/AYLModel/ALLvelocity/tests-river/pullapart/AYL-00006.bin
2026-02-06T01:35:01.653951+0800 INFO SUCCESS processing file: /home/wangyh/DATAFOLDER/3DSeismic/AYLModel/ALLvelocity/tests-river/pullapart/AYL-00005.bin
2026-02-06T01:36:29.759674+0800 INFO SUCCESS processing file: /home/wangyh/DATAFOLDER/3DSeismic/AYLModel/ALLvelocity/tests-river/pullapart/AYL-00007.bin
2026-02-06T01:39:18.154468+0800 INFO SUCCESS processing file: /home/wangyh/DATAFOLDER/3DSeismic/AYLModel/ALLvelocity/tests-river/pullapart/AYL-00001.bin
2026-02-06T01:42:06.557258+0800 INFO SUCCESS processing file: /home/wangyh/DATAFOLDER/3DSeismic/AYLModel/ALLvelocity/tests-river/yshapes/AYL-00004.bin
2026-02-06T01:45:18.515999+0800 INFO SUCCESS processing file: /home/wangyh/DATAFOLDER/3DSeismic/AYLModel/ALLvelocity/tests-river/yshapes/AYL-00002.bin
2026-02-06T01:48:06.891537+0800 INFO SUCCESS processing file: /home/wangyh/DATAFOLDER/3DSeismic/AYLModel/ALLvelocity/tests-river/yshapes/AYL-00008.bin
2026-02-06T01:50:55.227889+0800 INFO SUCCESS processing file: /home/wangyh/DATAFOLDER/3DSeismic/AYLModel/ALLvelocity/tests-river/yshapes/AYL-00009.bin
2026-02-06T01:54:07.191671+0800 INFO SUCCESS processing file: /home/wangyh/DATAFOLDER/3DSeismic/AYLModel/ALLvelocity/tests-river/yshapes/AYL-00003.bin
2026-02-06T01:56:55.491453+0800 INFO SUCCESS processing file: /home/wangyh/DATAFOLDER/3DSeismic/AYLModel/ALLvelocity/tests-river/yshapes/AYL-00000.bin
2026-02-06T01:59:43.877940+0800 INFO SUCCESS processing file: /home/wangyh/DATAFOLDER/3DSeismic/AYLModel/ALLvelocity/tests-river/yshapes/AYL-00006.bin
2026-02-06T02:02:32.221297+0800 INFO SUCCESS processing file: /home/wangyh/DATAFOLDER/3DSeismic/AYLModel/ALLvelocity/tests-river/yshapes/AYL-00005.bin
2026-02-06T02:05:20.606891+0800 INFO SUCCESS processing file: /home/wangyh/DATAFOLDER/3DSeismic/AYLModel/ALLvelocity/tests-river/yshapes/AYL-00007.bin
2026-02-06T02:08:32.579044+0800 INFO SUCCESS processing file: /home/wangyh/DATAFOLDER/3DSeismic/AYLModel/ALLvelocity/tests-river/yshapes/AYL-00001.bin
2026-02-06T02:10:00.636548+0800 INFO SUCCESS processing file: /home/wangyh/DATAFOLDER/3DSeismic/AYLModel/ALLvelocity/tests-river/flowers/AYL-00004.bin
2026-02-06T02:12:48.992897+0800 INFO SUCCESS processing file: /home/wangyh/DATAFOLDER/3DSeismic/AYLModel/ALLvelocity/tests-river/flowers/AYL-00002.bin
2026-02-06T02:15:37.375239+0800 INFO SUCCESS processing file: /home/wangyh/DATAFOLDER/3DSeismic/AYLModel/ALLvelocity/tests-river/flowers/AYL-00008.bin
2026-02-06T02:18:25.743675+0800 INFO SUCCESS processing file: /home/wangyh/DATAFOLDER/3DSeismic/AYLModel/ALLvelocity/tests-river/flowers/AYL-00009.bin
2026-02-06T02:19:41.776055+0800 INFO SUCCESS processing file: /home/wangyh/DATAFOLDER/3DSeismic/AYLModel/ALLvelocity/tests-river/flowers/AYL-00003.bin
2026-02-06T02:22:30.168894+0800 INFO SUCCESS processing file: /home/wangyh/DATAFOLDER/3DSeismic/AYLModel/ALLvelocity/tests-river/flowers/AYL-00000.bin
2026-02-06T02:28:17.420349+0800 INFO SUCCESS processing file: /home/wangyh/DATAFOLDER/3DSeismic/AYLModel/ALLvelocity/tests-river/flowers/AYL-00006.bin
2026-02-06T02:31:05.736830+0800 INFO SUCCESS processing file: /home/wangyh/DATAFOLDER/3DSeismic/AYLModel/ALLvelocity/tests-river/flowers/AYL-00005.bin
2026-02-06T02:33:54.090567+0800 INFO SUCCESS processing file: /home/wangyh/DATAFOLDER/3DSeismic/AYLModel/ALLvelocity/tests-river/flowers/AYL-00007.bin
2026-02-06T02:36:42.463740+0800 INFO SUCCESS processing file: /home/wangyh/DATAFOLDER/3DSeismic/AYLModel/ALLvelocity/tests-river/flowers/AYL-00001.bin
2026-02-06T02:39:54.387035+0800 INFO SUCCESS processing file: /home/wangyh/DATAFOLDER/3DSeismic/AYLModel/ALLvelocity/tests-river/yshapec/AYL-00004.bin
2026-02-06T02:42:42.786524+0800 INFO SUCCESS processing file: /home/wangyh/DATAFOLDER/3DSeismic/AYLModel/ALLvelocity/tests-river/yshapec/AYL-00002.bin
2026-02-06T02:45:54.701653+0800 INFO SUCCESS processing file: /home/wangyh/DATAFOLDER/3DSeismic/AYLModel/ALLvelocity/tests-river/yshapec/AYL-00008.bin
2026-02-06T02:48:43.096118+0800 INFO SUCCESS processing file: /home/wangyh/DATAFOLDER/3DSeismic/AYLModel/ALLvelocity/tests-river/yshapec/AYL-00009.bin
2026-02-06T02:51:55.058434+0800 INFO SUCCESS processing file: /home/wangyh/DATAFOLDER/3DSeismic/AYLModel/ALLvelocity/tests-river/yshapec/AYL-00003.bin
2026-02-06T02:57:42.241215+0800 INFO SUCCESS processing file: /home/wangyh/DATAFOLDER/3DSeismic/AYLModel/ALLvelocity/tests-river/yshapec/AYL-00000.bin
2026-02-06T03:00:30.595135+0800 INFO SUCCESS processing file: /home/wangyh/DATAFOLDER/3DSeismic/AYLModel/ALLvelocity/tests-river/yshapec/AYL-00006.bin
2026-02-06T03:01:58.686767+0800 INFO SUCCESS processing file: /home/wangyh/DATAFOLDER/3DSeismic/AYLModel/ALLvelocity/tests-river/yshapec/AYL-00005.bin
2026-02-06T03:04:47.075063+0800 INFO SUCCESS processing file: /home/wangyh/DATAFOLDER/3DSeismic/AYLModel/ALLvelocity/tests-river/yshapec/AYL-00007.bin
2026-02-06T03:10:34.320965+0800 INFO SUCCESS processing file: /home/wangyh/DATAFOLDER/3DSeismic/AYLModel/ALLvelocity/tests-river/yshapec/AYL-00001.bin
2026-02-06T03:13:22.647667+0800 INFO SUCCESS processing file: /home/wangyh/DATAFOLDER/3DSeismic/AYLModel/ALLvelocity/tests-river/feather/AYL-00004.bin
2026-02-06T03:16:34.603205+0800 INFO SUCCESS processing file: /home/wangyh/DATAFOLDER/3DSeismic/AYLModel/ALLvelocity/tests-river/feather/AYL-00002.bin
2026-02-06T03:19:22.974089+0800 INFO SUCCESS processing file: /home/wangyh/DATAFOLDER/3DSeismic/AYLModel/ALLvelocity/tests-river/feather/AYL-00008.bin
2026-02-06T03:22:34.926666+0800 INFO SUCCESS processing file: /home/wangyh/DATAFOLDER/3DSeismic/AYLModel/ALLvelocity/tests-river/feather/AYL-00009.bin
2026-02-06T03:25:46.887526+0800 INFO SUCCESS processing file: /home/wangyh/DATAFOLDER/3DSeismic/AYLModel/ALLvelocity/tests-river/feather/AYL-00003.bin
2026-02-06T03:28:58.875970+0800 INFO SUCCESS processing file: /home/wangyh/DATAFOLDER/3DSeismic/AYLModel/ALLvelocity/tests-river/feather/AYL-00000.bin
2026-02-06T03:32:10.813928+0800 INFO SUCCESS processing file: /home/wangyh/DATAFOLDER/3DSeismic/AYLModel/ALLvelocity/tests-river/feather/AYL-00006.bin
2026-02-06T03:35:22.732846+0800 INFO SUCCESS processing file: /home/wangyh/DATAFOLDER/3DSeismic/AYLModel/ALLvelocity/tests-river/feather/AYL-00005.bin
2026-02-06T03:38:11.170676+0800 INFO SUCCESS processing file: /home/wangyh/DATAFOLDER/3DSeismic/AYLModel/ALLvelocity/tests-river/feather/AYL-00007.bin
2026-02-06T03:41:23.129015+0800 INFO SUCCESS processing file: /home/wangyh/DATAFOLDER/3DSeismic/AYLModel/ALLvelocity/tests-river/feather/AYL-00001.bin
2026-02-06T03:44:35.063945+0800 INFO SUCCESS processing file: /home/wangyh/DATAFOLDER/3DSeismic/AYLModel/ALLvelocity/tests-river/ponytail/AYL-00004.bin
2026-02-06T03:47:23.450282+0800 INFO SUCCESS processing file: /home/wangyh/DATAFOLDER/3DSeismic/AYLModel/ALLvelocity/tests-river/ponytail/AYL-00002.bin
2026-02-06T03:50:11.812259+0800 INFO SUCCESS processing file: /home/wangyh/DATAFOLDER/3DSeismic/AYLModel/ALLvelocity/tests-river/ponytail/AYL-00008.bin
2026-02-06T03:53:00.191920+0800 INFO SUCCESS processing file: /home/wangyh/DATAFOLDER/3DSeismic/AYLModel/ALLvelocity/tests-river/ponytail/AYL-00009.bin
2026-02-06T03:56:12.165951+0800 INFO SUCCESS processing file: /home/wangyh/DATAFOLDER/3DSeismic/AYLModel/ALLvelocity/tests-river/ponytail/AYL-00003.bin
2026-02-06T04:01:21.225673+0800 INFO SUCCESS processing file: /home/wangyh/DATAFOLDER/3DSeismic/AYLModel/ALLvelocity/tests-river/ponytail/AYL-00000.bin
2026-02-06T04:04:33.202535+0800 INFO SUCCESS processing file: /home/wangyh/DATAFOLDER/3DSeismic/AYLModel/ALLvelocity/tests-river/ponytail/AYL-00006.bin
2026-02-06T04:07:21.489525+0800 INFO SUCCESS processing file: /home/wangyh/DATAFOLDER/3DSeismic/AYLModel/ALLvelocity/tests-river/ponytail/AYL-00005.bin
2026-02-06T04:10:33.451753+0800 INFO SUCCESS processing file: /home/wangyh/DATAFOLDER/3DSeismic/AYLModel/ALLvelocity/tests-river/ponytail/AYL-00007.bin
2026-02-06T04:13:45.331199+0800 INFO SUCCESS processing file: /home/wangyh/DATAFOLDER/3DSeismic/AYLModel/ALLvelocity/tests-river/ponytail/AYL-00001.bin
2026-02-06T04:16:57.268154+0800 INFO SUCCESS processing file: /home/wangyh/DATAFOLDER/3DSeismic/AYLModel/ALLvelocity/tests-river/yshaped/AYL-00004.bin
2026-02-06T04:20:09.199913+0800 INFO SUCCESS processing file: /home/wangyh/DATAFOLDER/3DSeismic/AYLModel/ALLvelocity/tests-river/yshaped/AYL-00002.bin
2026-02-06T04:22:57.647371+0800 INFO SUCCESS processing file: /home/wangyh/DATAFOLDER/3DSeismic/AYLModel/ALLvelocity/tests-river/yshaped/AYL-00008.bin
2026-02-06T04:25:46.167846+0800 INFO SUCCESS processing file: /home/wangyh/DATAFOLDER/3DSeismic/AYLModel/ALLvelocity/tests-river/yshaped/AYL-00009.bin
2026-02-06T04:27:14.411766+0800 INFO SUCCESS processing file: /home/wangyh/DATAFOLDER/3DSeismic/AYLModel/ALLvelocity/tests-river/yshaped/AYL-00003.bin
2026-02-06T04:33:01.671782+0800 INFO SUCCESS processing file: /home/wangyh/DATAFOLDER/3DSeismic/AYLModel/ALLvelocity/tests-river/yshaped/AYL-00000.bin
2026-02-06T04:38:48.937943+0800 INFO SUCCESS processing file: /home/wangyh/DATAFOLDER/3DSeismic/AYLModel/ALLvelocity/tests-river/yshaped/AYL-00006.bin
2026-02-06T04:41:37.286945+0800 INFO SUCCESS processing file: /home/wangyh/DATAFOLDER/3DSeismic/AYLModel/ALLvelocity/tests-river/yshaped/AYL-00005.bin
2026-02-06T04:44:25.642954+0800 INFO SUCCESS processing file: /home/wangyh/DATAFOLDER/3DSeismic/AYLModel/ALLvelocity/tests-river/yshaped/AYL-00007.bin
2026-02-06T04:47:37.661779+0800 INFO SUCCESS processing file: /home/wangyh/DATAFOLDER/3DSeismic/AYLModel/ALLvelocity/tests-river/yshaped/AYL-00001.bin
